0 verbose cli /usr/bin/node-20 /usr/bin/npm
1 info using npm@10.8.2
2 info using node@v20.18.0
3 silly config load:file:/usr/lib/node_modules_20/npm/npmrc
4 silly config load:file:/home/cloudshell-user/.npmrc
5 silly config load:file:/etc/npmrc
6 verbose title npm init
7 verbose argv "init"
8 verbose logfile logs-max:10 dir:/home/cloudshell-user/.npm/_logs/2024-11-30T19_05_12_390Z-
9 verbose logfile /home/cloudshell-user/.npm/_logs/2024-11-30T19_05_12_390Z-debug-0.log
10 silly logfile done cleaning log files
11 http fetch GET 200 https://registry.npmjs.org/npm 369ms
12 silly package data {
12 silly package data   name: 'cloudshell-user',
12 silly package data   version: '1.0.0',
12 silly package data   main: 'index.js',
12 silly package data   scripts: { test: 'echo "Error: no test specified" && exit 1' },
12 silly package data   repository: {
12 silly package data     type: 'git',
12 silly package data     url: 'git+https://github.com/sravan0726/SUPPLYCHAINMANAGEMENT.git'
12 silly package data   },
12 silly package data   author: 'SRAVAN',
12 silly package data   license: 'ISC',
12 silly package data   bugs: { url: 'https://github.com/sravan0726/SUPPLYCHAINMANAGEMENT/issues' },
12 silly package data   homepage: 'https://github.com/sravan0726/SUPPLYCHAINMANAGEMENT#readme',
12 silly package data   description: ''
12 silly package data }
13 verbose cwd /home/cloudshell-user
14 verbose os Linux 6.1.112-124.190.amzn2023.x86_64
15 verbose node v20.18.0
16 verbose npm  v10.8.2
17 notice
17 notice New [33mminor[39m version of npm available! [33m10.8.2[39m -> [34m10.9.1[39m
17 notice Changelog: [34mhttps://github.com/npm/cli/releases/tag/v10.9.1[39m
17 notice To update run: [4mnpm install -g npm@10.9.1[24m
17 notice  { force: true, [Symbol(proc-log.meta)]: true }
18 verbose exit 0
19 info ok
