0 verbose cli /usr/bin/node-20 /usr/bin/npm
1 info using npm@10.8.2
2 info using node@v20.18.0
3 silly config load:file:/usr/lib/node_modules_20/npm/npmrc
4 silly config load:file:/home/cloudshell-user/.npmrc
5 silly config load:file:/etc/npmrc
6 verbose title npm install express
7 verbose argv "install" "express"
8 verbose logfile logs-max:10 dir:/home/cloudshell-user/.npm/_logs/2024-11-30T19_08_07_297Z-
9 verbose logfile /home/cloudshell-user/.npm/_logs/2024-11-30T19_08_07_297Z-debug-0.log
10 silly packumentCache heap:2035286016 maxSize:508821504 maxEntrySize:254410752
11 silly logfile done cleaning log files
12 silly idealTree buildDeps
13 silly fetch manifest express@*
14 silly packumentCache full:https://registry.npmjs.org/express cache-miss
15 http fetch GET 200 https://registry.npmjs.org/express 169ms (cache miss)
16 silly packumentCache full:https://registry.npmjs.org/express set size:undefined disposed:false
17 silly placeDep ROOT express@4.21.1 OK for: cloudshell-user@1.0.0 want: *
18 silly fetch manifest qs@6.13.0
19 silly packumentCache full:https://registry.npmjs.org/qs cache-miss
20 http fetch GET 200 https://registry.npmjs.org/qs 41ms (cache miss)
21 silly packumentCache full:https://registry.npmjs.org/qs set size:undefined disposed:false
22 silly fetch manifest depd@2.0.0
23 silly packumentCache full:https://registry.npmjs.org/depd cache-miss
24 http fetch GET 200 https://registry.npmjs.org/depd 45ms (cache miss)
25 silly packumentCache full:https://registry.npmjs.org/depd set size:undefined disposed:false
26 silly fetch manifest etag@~1.8.1
27 silly packumentCache full:https://registry.npmjs.org/etag cache-miss
28 http fetch GET 200 https://registry.npmjs.org/etag 55ms (cache miss)
29 silly packumentCache full:https://registry.npmjs.org/etag set size:undefined disposed:false
30 silly fetch manifest send@0.19.0
31 silly packumentCache full:https://registry.npmjs.org/send cache-miss
32 http fetch GET 200 https://registry.npmjs.org/send 42ms (cache miss)
33 silly packumentCache full:https://registry.npmjs.org/send set size:undefined disposed:false
34 silly fetch manifest vary@~1.1.2
35 silly packumentCache full:https://registry.npmjs.org/vary cache-miss
36 http fetch GET 200 https://registry.npmjs.org/vary 42ms (cache miss)
37 silly packumentCache full:https://registry.npmjs.org/vary set size:undefined disposed:false
38 silly fetch manifest debug@2.6.9
39 silly packumentCache full:https://registry.npmjs.org/debug cache-miss
40 http fetch GET 200 https://registry.npmjs.org/debug 35ms (cache miss)
41 silly packumentCache full:https://registry.npmjs.org/debug set size:undefined disposed:false
42 silly fetch manifest fresh@0.5.2
43 silly packumentCache full:https://registry.npmjs.org/fresh cache-miss
44 http fetch GET 200 https://registry.npmjs.org/fresh 35ms (cache miss)
45 silly packumentCache full:https://registry.npmjs.org/fresh set size:undefined disposed:false
46 silly fetch manifest cookie@0.7.1
47 silly packumentCache full:https://registry.npmjs.org/cookie cache-miss
48 http fetch GET 200 https://registry.npmjs.org/cookie 62ms (cache miss)
49 silly packumentCache full:https://registry.npmjs.org/cookie set size:undefined disposed:false
50 silly fetch manifest accepts@~1.3.8
51 silly packumentCache full:https://registry.npmjs.org/accepts cache-miss
52 http fetch GET 200 https://registry.npmjs.org/accepts 30ms (cache miss)
53 silly packumentCache full:https://registry.npmjs.org/accepts set size:undefined disposed:false
54 silly fetch manifest methods@~1.1.2
55 silly packumentCache full:https://registry.npmjs.org/methods cache-miss
56 http fetch GET 200 https://registry.npmjs.org/methods 34ms (cache miss)
57 silly packumentCache full:https://registry.npmjs.org/methods set size:undefined disposed:false
58 silly fetch manifest type-is@~1.6.18
59 silly packumentCache full:https://registry.npmjs.org/type-is cache-miss
60 http fetch GET 200 https://registry.npmjs.org/type-is 31ms (cache miss)
61 silly packumentCache full:https://registry.npmjs.org/type-is set size:undefined disposed:false
62 silly fetch manifest parseurl@~1.3.3
63 silly packumentCache full:https://registry.npmjs.org/parseurl cache-miss
64 http fetch GET 200 https://registry.npmjs.org/parseurl 43ms (cache miss)
65 silly packumentCache full:https://registry.npmjs.org/parseurl set size:undefined disposed:false
66 silly fetch manifest statuses@2.0.1
67 silly packumentCache full:https://registry.npmjs.org/statuses cache-miss
68 http fetch GET 200 https://registry.npmjs.org/statuses 29ms (cache miss)
69 silly packumentCache full:https://registry.npmjs.org/statuses set size:undefined disposed:false
70 silly fetch manifest encodeurl@~2.0.0
71 silly packumentCache full:https://registry.npmjs.org/encodeurl cache-miss
72 http fetch GET 200 https://registry.npmjs.org/encodeurl 35ms (cache miss)
73 silly packumentCache full:https://registry.npmjs.org/encodeurl set size:undefined disposed:false
74 silly fetch manifest proxy-addr@~2.0.7
75 silly packumentCache full:https://registry.npmjs.org/proxy-addr cache-miss
76 http fetch GET 200 https://registry.npmjs.org/proxy-addr 63ms (cache miss)
77 silly packumentCache full:https://registry.npmjs.org/proxy-addr set size:undefined disposed:false
78 silly fetch manifest body-parser@1.20.3
79 silly packumentCache full:https://registry.npmjs.org/body-parser cache-miss
80 http fetch GET 200 https://registry.npmjs.org/body-parser 29ms (cache miss)
81 silly packumentCache full:https://registry.npmjs.org/body-parser set size:undefined disposed:false
82 silly fetch manifest escape-html@~1.0.3
83 silly packumentCache full:https://registry.npmjs.org/escape-html cache-miss
84 http fetch GET 200 https://registry.npmjs.org/escape-html 26ms (cache miss)
85 silly packumentCache full:https://registry.npmjs.org/escape-html set size:undefined disposed:false
86 silly fetch manifest http-errors@2.0.0
87 silly packumentCache full:https://registry.npmjs.org/http-errors cache-miss
88 http fetch GET 200 https://registry.npmjs.org/http-errors 30ms (cache miss)
89 silly packumentCache full:https://registry.npmjs.org/http-errors set size:undefined disposed:false
90 silly fetch manifest on-finished@2.4.1
91 silly packumentCache full:https://registry.npmjs.org/on-finished cache-miss
92 http fetch GET 200 https://registry.npmjs.org/on-finished 27ms (cache miss)
93 silly packumentCache full:https://registry.npmjs.org/on-finished set size:undefined disposed:false
94 silly fetch manifest safe-buffer@5.2.1
95 silly packumentCache full:https://registry.npmjs.org/safe-buffer cache-miss
96 http fetch GET 200 https://registry.npmjs.org/safe-buffer 34ms (cache miss)
97 silly packumentCache full:https://registry.npmjs.org/safe-buffer set size:undefined disposed:false
98 silly fetch manifest utils-merge@1.0.1
99 silly packumentCache full:https://registry.npmjs.org/utils-merge cache-miss
100 http fetch GET 200 https://registry.npmjs.org/utils-merge 28ms (cache miss)
101 silly packumentCache full:https://registry.npmjs.org/utils-merge set size:undefined disposed:false
102 silly fetch manifest content-type@~1.0.4
103 silly packumentCache full:https://registry.npmjs.org/content-type cache-miss
104 http fetch GET 200 https://registry.npmjs.org/content-type 32ms (cache miss)
105 silly packumentCache full:https://registry.npmjs.org/content-type set size:undefined disposed:false
106 silly fetch manifest finalhandler@1.3.1
107 silly packumentCache full:https://registry.npmjs.org/finalhandler cache-miss
108 http fetch GET 200 https://registry.npmjs.org/finalhandler 38ms (cache miss)
109 silly packumentCache full:https://registry.npmjs.org/finalhandler set size:undefined disposed:false
110 silly fetch manifest range-parser@~1.2.1
111 silly packumentCache full:https://registry.npmjs.org/range-parser cache-miss
112 http fetch GET 200 https://registry.npmjs.org/range-parser 55ms (cache miss)
113 silly packumentCache full:https://registry.npmjs.org/range-parser set size:undefined disposed:false
114 silly fetch manifest serve-static@1.16.2
115 silly packumentCache full:https://registry.npmjs.org/serve-static cache-miss
116 http fetch GET 200 https://registry.npmjs.org/serve-static 33ms (cache miss)
117 silly packumentCache full:https://registry.npmjs.org/serve-static set size:undefined disposed:false
118 silly fetch manifest array-flatten@1.1.1
119 silly packumentCache full:https://registry.npmjs.org/array-flatten cache-miss
120 http fetch GET 200 https://registry.npmjs.org/array-flatten 30ms (cache miss)
121 silly packumentCache full:https://registry.npmjs.org/array-flatten set size:undefined disposed:false
122 silly fetch manifest path-to-regexp@0.1.10
123 silly packumentCache full:https://registry.npmjs.org/path-to-regexp cache-miss
124 http fetch GET 200 https://registry.npmjs.org/path-to-regexp 32ms (cache miss)
125 silly packumentCache full:https://registry.npmjs.org/path-to-regexp set size:undefined disposed:false
126 silly fetch manifest setprototypeof@1.2.0
127 silly packumentCache full:https://registry.npmjs.org/setprototypeof cache-miss
128 http fetch GET 200 https://registry.npmjs.org/setprototypeof 33ms (cache miss)
129 silly packumentCache full:https://registry.npmjs.org/setprototypeof set size:undefined disposed:false
130 silly fetch manifest cookie-signature@1.0.6
131 silly packumentCache full:https://registry.npmjs.org/cookie-signature cache-miss
132 http fetch GET 200 https://registry.npmjs.org/cookie-signature 25ms (cache miss)
133 silly packumentCache full:https://registry.npmjs.org/cookie-signature set size:undefined disposed:false
134 silly fetch manifest merge-descriptors@1.0.3
135 silly packumentCache full:https://registry.npmjs.org/merge-descriptors cache-miss
136 http fetch GET 200 https://registry.npmjs.org/merge-descriptors 26ms (cache miss)
137 silly packumentCache full:https://registry.npmjs.org/merge-descriptors set size:undefined disposed:false
138 silly fetch manifest content-disposition@0.5.4
139 silly packumentCache full:https://registry.npmjs.org/content-disposition cache-miss
140 http fetch GET 200 https://registry.npmjs.org/content-disposition 33ms (cache miss)
141 silly packumentCache full:https://registry.npmjs.org/content-disposition set size:undefined disposed:false
142 silly placeDep ROOT accepts@1.3.8 OK for: express@4.21.1 want: ~1.3.8
143 silly placeDep ROOT array-flatten@1.1.1 OK for: express@4.21.1 want: 1.1.1
144 silly placeDep ROOT body-parser@1.20.3 OK for: express@4.21.1 want: 1.20.3
145 silly placeDep ROOT content-disposition@0.5.4 OK for: express@4.21.1 want: 0.5.4
146 silly placeDep ROOT content-type@1.0.5 OK for: express@4.21.1 want: ~1.0.4
147 silly placeDep ROOT cookie@0.7.1 OK for: express@4.21.1 want: 0.7.1
148 silly placeDep ROOT cookie-signature@1.0.6 OK for: express@4.21.1 want: 1.0.6
149 silly placeDep ROOT debug@2.6.9 OK for: express@4.21.1 want: 2.6.9
150 silly placeDep ROOT depd@2.0.0 OK for: express@4.21.1 want: 2.0.0
151 silly placeDep ROOT encodeurl@2.0.0 OK for: express@4.21.1 want: ~2.0.0
152 silly placeDep ROOT escape-html@1.0.3 OK for: express@4.21.1 want: ~1.0.3
153 silly placeDep ROOT etag@1.8.1 OK for: express@4.21.1 want: ~1.8.1
154 silly placeDep ROOT finalhandler@1.3.1 OK for: express@4.21.1 want: 1.3.1
155 silly placeDep ROOT fresh@0.5.2 OK for: express@4.21.1 want: 0.5.2
156 silly placeDep ROOT http-errors@2.0.0 OK for: express@4.21.1 want: 2.0.0
157 silly placeDep ROOT merge-descriptors@1.0.3 OK for: express@4.21.1 want: 1.0.3
158 silly placeDep ROOT methods@1.1.2 OK for: express@4.21.1 want: ~1.1.2
159 silly placeDep ROOT on-finished@2.4.1 OK for: express@4.21.1 want: 2.4.1
160 silly placeDep ROOT parseurl@1.3.3 OK for: express@4.21.1 want: ~1.3.3
161 silly placeDep ROOT path-to-regexp@0.1.10 OK for: express@4.21.1 want: 0.1.10
162 silly placeDep ROOT proxy-addr@2.0.7 OK for: express@4.21.1 want: ~2.0.7
163 silly placeDep ROOT qs@6.13.0 OK for: express@4.21.1 want: 6.13.0
164 silly placeDep ROOT range-parser@1.2.1 OK for: express@4.21.1 want: ~1.2.1
165 silly placeDep ROOT safe-buffer@5.2.1 OK for: express@4.21.1 want: 5.2.1
166 silly placeDep ROOT send@0.19.0 OK for: express@4.21.1 want: 0.19.0
167 silly placeDep ROOT serve-static@1.16.2 OK for: express@4.21.1 want: 1.16.2
168 silly placeDep ROOT setprototypeof@1.2.0 OK for: express@4.21.1 want: 1.2.0
169 silly placeDep ROOT statuses@2.0.1 OK for: express@4.21.1 want: 2.0.1
170 silly placeDep ROOT type-is@1.6.18 OK for: express@4.21.1 want: ~1.6.18
171 silly placeDep ROOT utils-merge@1.0.1 OK for: express@4.21.1 want: 1.0.1
172 silly placeDep ROOT vary@1.1.2 OK for: express@4.21.1 want: ~1.1.2
173 silly fetch manifest mime-types@~2.1.34
174 silly packumentCache full:https://registry.npmjs.org/mime-types cache-miss
175 http fetch GET 200 https://registry.npmjs.org/mime-types 56ms (cache miss)
176 silly packumentCache full:https://registry.npmjs.org/mime-types set size:undefined disposed:false
177 silly fetch manifest negotiator@0.6.3
178 silly packumentCache full:https://registry.npmjs.org/negotiator cache-miss
179 http fetch GET 200 https://registry.npmjs.org/negotiator 29ms (cache miss)
180 silly packumentCache full:https://registry.npmjs.org/negotiator set size:undefined disposed:false
181 silly fetch manifest bytes@3.1.2
182 silly packumentCache full:https://registry.npmjs.org/bytes cache-miss
183 http fetch GET 200 https://registry.npmjs.org/bytes 44ms (cache miss)
184 silly packumentCache full:https://registry.npmjs.org/bytes set size:undefined disposed:false
185 silly fetch manifest unpipe@1.0.0
186 silly packumentCache full:https://registry.npmjs.org/unpipe cache-miss
187 http fetch GET 200 https://registry.npmjs.org/unpipe 30ms (cache miss)
188 silly packumentCache full:https://registry.npmjs.org/unpipe set size:undefined disposed:false
189 silly fetch manifest destroy@1.2.0
190 silly packumentCache full:https://registry.npmjs.org/destroy cache-miss
191 http fetch GET 200 https://registry.npmjs.org/destroy 52ms (cache miss)
192 silly packumentCache full:https://registry.npmjs.org/destroy set size:undefined disposed:false
193 silly fetch manifest raw-body@2.5.2
194 silly packumentCache full:https://registry.npmjs.org/raw-body cache-miss
195 http fetch GET 200 https://registry.npmjs.org/raw-body 59ms (cache miss)
196 silly packumentCache full:https://registry.npmjs.org/raw-body set size:undefined disposed:false
197 silly fetch manifest iconv-lite@0.4.24
198 silly packumentCache full:https://registry.npmjs.org/iconv-lite cache-miss
199 http fetch GET 200 https://registry.npmjs.org/iconv-lite 61ms (cache miss)
200 silly packumentCache full:https://registry.npmjs.org/iconv-lite set size:undefined disposed:false
201 silly fetch manifest content-type@~1.0.5
202 silly packumentCache full:https://registry.npmjs.org/content-type cache-miss
203 http fetch GET 200 https://registry.npmjs.org/content-type 8ms (cache hit)
204 silly packumentCache full:https://registry.npmjs.org/content-type set size:17251 disposed:false
205 silly fetch manifest ms@2.0.0
206 silly packumentCache full:https://registry.npmjs.org/ms cache-miss
207 http fetch GET 200 https://registry.npmjs.org/ms 29ms (cache miss)
208 silly packumentCache full:https://registry.npmjs.org/ms set size:undefined disposed:false
209 silly fetch manifest unpipe@~1.0.0
210 silly packumentCache full:https://registry.npmjs.org/unpipe cache-miss
211 http fetch GET 200 https://registry.npmjs.org/unpipe 3ms (cache hit)
212 silly packumentCache full:https://registry.npmjs.org/unpipe set size:3537 disposed:false
213 silly fetch manifest inherits@2.0.4
214 silly packumentCache full:https://registry.npmjs.org/inherits cache-miss
215 http fetch GET 200 https://registry.npmjs.org/inherits 30ms (cache miss)
216 silly packumentCache full:https://registry.npmjs.org/inherits set size:undefined disposed:false
217 silly fetch manifest toidentifier@1.0.1
218 silly packumentCache full:https://registry.npmjs.org/toidentifier cache-miss
219 http fetch GET 200 https://registry.npmjs.org/toidentifier 30ms (cache miss)
220 silly packumentCache full:https://registry.npmjs.org/toidentifier set size:undefined disposed:false
221 silly fetch manifest ee-first@1.1.1
222 silly packumentCache full:https://registry.npmjs.org/ee-first cache-miss
223 http fetch GET 200 https://registry.npmjs.org/ee-first 46ms (cache miss)
224 silly packumentCache full:https://registry.npmjs.org/ee-first set size:undefined disposed:false
225 silly fetch manifest forwarded@0.2.0
226 silly packumentCache full:https://registry.npmjs.org/forwarded cache-miss
227 http fetch GET 200 https://registry.npmjs.org/forwarded 25ms (cache miss)
228 silly packumentCache full:https://registry.npmjs.org/forwarded set size:undefined disposed:false
229 silly fetch manifest ipaddr.js@1.9.1
230 silly packumentCache full:https://registry.npmjs.org/ipaddr.js cache-miss
231 http fetch GET 200 https://registry.npmjs.org/ipaddr.js 29ms (cache miss)
232 silly packumentCache full:https://registry.npmjs.org/ipaddr.js set size:undefined disposed:false
233 silly fetch manifest side-channel@^1.0.6
234 silly packumentCache full:https://registry.npmjs.org/side-channel cache-miss
235 http fetch GET 200 https://registry.npmjs.org/side-channel 35ms (cache miss)
236 silly packumentCache full:https://registry.npmjs.org/side-channel set size:undefined disposed:false
237 silly fetch manifest ms@2.1.3
238 silly packumentCache full:https://registry.npmjs.org/ms cache-miss
239 http fetch GET 200 https://registry.npmjs.org/ms 4ms (cache hit)
240 silly packumentCache full:https://registry.npmjs.org/ms set size:84885 disposed:false
241 silly fetch manifest mime@1.6.0
242 silly packumentCache full:https://registry.npmjs.org/mime cache-miss
243 http fetch GET 200 https://registry.npmjs.org/mime 50ms (cache miss)
244 silly packumentCache full:https://registry.npmjs.org/mime set size:undefined disposed:false
245 silly fetch manifest encodeurl@~1.0.2
246 silly packumentCache full:https://registry.npmjs.org/encodeurl cache-miss
247 http fetch GET 200 https://registry.npmjs.org/encodeurl 3ms (cache hit)
248 silly packumentCache full:https://registry.npmjs.org/encodeurl set size:12296 disposed:false
249 silly fetch manifest mime-types@~2.1.24
250 silly packumentCache full:https://registry.npmjs.org/mime-types cache-miss
251 http fetch GET 200 https://registry.npmjs.org/mime-types 3ms (cache hit)
252 silly packumentCache full:https://registry.npmjs.org/mime-types set size:129792 disposed:false
253 silly fetch manifest media-typer@0.3.0
254 silly packumentCache full:https://registry.npmjs.org/media-typer cache-miss
255 http fetch GET 200 https://registry.npmjs.org/media-typer 37ms (cache miss)
256 silly packumentCache full:https://registry.npmjs.org/media-typer set size:undefined disposed:false
257 silly placeDep ROOT mime-types@2.1.35 OK for: accepts@1.3.8 want: ~2.1.34
258 silly placeDep ROOT negotiator@0.6.3 OK for: accepts@1.3.8 want: 0.6.3
259 silly fetch manifest mime-db@1.52.0
260 silly packumentCache full:https://registry.npmjs.org/mime-db cache-miss
261 http fetch GET 200 https://registry.npmjs.org/mime-db 88ms (cache miss)
262 silly packumentCache full:https://registry.npmjs.org/mime-db set size:undefined disposed:false
263 silly placeDep ROOT bytes@3.1.2 OK for: body-parser@1.20.3 want: 3.1.2
264 silly placeDep ROOT destroy@1.2.0 OK for: body-parser@1.20.3 want: 1.2.0
265 silly placeDep ROOT iconv-lite@0.4.24 OK for: body-parser@1.20.3 want: 0.4.24
266 silly placeDep ROOT raw-body@2.5.2 OK for: body-parser@1.20.3 want: 2.5.2
267 silly placeDep ROOT unpipe@1.0.0 OK for: body-parser@1.20.3 want: 1.0.0
268 silly fetch manifest safer-buffer@>= 2.1.2 < 3
269 silly packumentCache full:https://registry.npmjs.org/safer-buffer cache-miss
270 http fetch GET 200 https://registry.npmjs.org/safer-buffer 35ms (cache miss)
271 silly packumentCache full:https://registry.npmjs.org/safer-buffer set size:undefined disposed:false
272 silly placeDep ROOT ms@2.0.0 OK for: debug@2.6.9 want: 2.0.0
273 silly placeDep ROOT inherits@2.0.4 OK for: http-errors@2.0.0 want: 2.0.4
274 silly placeDep ROOT toidentifier@1.0.1 OK for: http-errors@2.0.0 want: 1.0.1
275 silly placeDep ROOT safer-buffer@2.1.2 OK for: iconv-lite@0.4.24 want: >= 2.1.2 < 3
276 silly placeDep ROOT mime-db@1.52.0 OK for: mime-types@2.1.35 want: 1.52.0
277 silly placeDep ROOT ee-first@1.1.1 OK for: on-finished@2.4.1 want: 1.1.1
278 silly placeDep ROOT forwarded@0.2.0 OK for: proxy-addr@2.0.7 want: 0.2.0
279 silly placeDep ROOT ipaddr.js@1.9.1 OK for: proxy-addr@2.0.7 want: 1.9.1
280 silly placeDep ROOT side-channel@1.0.6 OK for: qs@6.13.0 want: ^1.0.6
281 silly fetch manifest call-bind@^1.0.7
282 silly packumentCache full:https://registry.npmjs.org/call-bind cache-miss
283 http fetch GET 200 https://registry.npmjs.org/call-bind 27ms (cache miss)
284 silly packumentCache full:https://registry.npmjs.org/call-bind set size:undefined disposed:false
285 silly fetch manifest es-errors@^1.3.0
286 silly packumentCache full:https://registry.npmjs.org/es-errors cache-miss
287 http fetch GET 200 https://registry.npmjs.org/es-errors 34ms (cache miss)
288 silly packumentCache full:https://registry.npmjs.org/es-errors set size:undefined disposed:false
289 silly fetch manifest get-intrinsic@^1.2.4
290 silly packumentCache full:https://registry.npmjs.org/get-intrinsic cache-miss
291 http fetch GET 200 https://registry.npmjs.org/get-intrinsic 33ms (cache miss)
292 silly packumentCache full:https://registry.npmjs.org/get-intrinsic set size:undefined disposed:false
293 silly fetch manifest object-inspect@^1.13.1
294 silly packumentCache full:https://registry.npmjs.org/object-inspect cache-miss
295 http fetch GET 200 https://registry.npmjs.org/object-inspect 33ms (cache miss)
296 silly packumentCache full:https://registry.npmjs.org/object-inspect set size:undefined disposed:false
297 silly placeDep node_modules/send encodeurl@1.0.2 OK for: send@0.19.0 want: ~1.0.2
298 silly placeDep ROOT mime@1.6.0 OK for: send@0.19.0 want: 1.6.0
299 silly placeDep node_modules/send ms@2.1.3 OK for: send@0.19.0 want: 2.1.3
300 silly placeDep ROOT call-bind@1.0.7 OK for: side-channel@1.0.6 want: ^1.0.7
301 silly placeDep ROOT es-errors@1.3.0 OK for: side-channel@1.0.6 want: ^1.3.0
302 silly placeDep ROOT get-intrinsic@1.2.4 OK for: side-channel@1.0.6 want: ^1.2.4
303 silly placeDep ROOT object-inspect@1.13.3 OK for: side-channel@1.0.6 want: ^1.13.1
304 silly fetch manifest es-define-property@^1.0.0
305 silly packumentCache full:https://registry.npmjs.org/es-define-property cache-miss
306 http fetch GET 200 https://registry.npmjs.org/es-define-property 27ms (cache miss)
307 silly packumentCache full:https://registry.npmjs.org/es-define-property set size:undefined disposed:false
308 silly fetch manifest function-bind@^1.1.2
309 silly packumentCache full:https://registry.npmjs.org/function-bind cache-miss
310 http fetch GET 200 https://registry.npmjs.org/function-bind 29ms (cache miss)
311 silly packumentCache full:https://registry.npmjs.org/function-bind set size:undefined disposed:false
312 silly fetch manifest set-function-length@^1.2.1
313 silly packumentCache full:https://registry.npmjs.org/set-function-length cache-miss
314 http fetch GET 200 https://registry.npmjs.org/set-function-length 37ms (cache miss)
315 silly packumentCache full:https://registry.npmjs.org/set-function-length set size:undefined disposed:false
316 silly fetch manifest has-proto@^1.0.1
317 silly packumentCache full:https://registry.npmjs.org/has-proto cache-miss
318 http fetch GET 200 https://registry.npmjs.org/has-proto 42ms (cache miss)
319 silly packumentCache full:https://registry.npmjs.org/has-proto set size:undefined disposed:false
320 silly fetch manifest has-symbols@^1.0.3
321 silly packumentCache full:https://registry.npmjs.org/has-symbols cache-miss
322 http fetch GET 200 https://registry.npmjs.org/has-symbols 30ms (cache miss)
323 silly packumentCache full:https://registry.npmjs.org/has-symbols set size:undefined disposed:false
324 silly fetch manifest hasown@^2.0.0
325 silly packumentCache full:https://registry.npmjs.org/hasown cache-miss
326 http fetch GET 200 https://registry.npmjs.org/hasown 28ms (cache miss)
327 silly packumentCache full:https://registry.npmjs.org/hasown set size:undefined disposed:false
328 silly placeDep ROOT es-define-property@1.0.0 OK for: call-bind@1.0.7 want: ^1.0.0
329 silly placeDep ROOT function-bind@1.1.2 OK for: call-bind@1.0.7 want: ^1.1.2
330 silly placeDep ROOT set-function-length@1.2.2 OK for: call-bind@1.0.7 want: ^1.2.1
331 silly fetch manifest define-data-property@^1.1.4
332 silly packumentCache full:https://registry.npmjs.org/define-data-property cache-miss
333 http fetch GET 200 https://registry.npmjs.org/define-data-property 35ms (cache miss)
334 silly packumentCache full:https://registry.npmjs.org/define-data-property set size:undefined disposed:false
335 silly fetch manifest gopd@^1.0.1
336 silly packumentCache full:https://registry.npmjs.org/gopd cache-miss
337 http fetch GET 200 https://registry.npmjs.org/gopd 33ms (cache miss)
338 silly packumentCache full:https://registry.npmjs.org/gopd set size:undefined disposed:false
339 silly fetch manifest has-property-descriptors@^1.0.2
340 silly packumentCache full:https://registry.npmjs.org/has-property-descriptors cache-miss
341 http fetch GET 200 https://registry.npmjs.org/has-property-descriptors 27ms (cache miss)
342 silly packumentCache full:https://registry.npmjs.org/has-property-descriptors set size:undefined disposed:false
343 silly placeDep ROOT has-proto@1.0.3 OK for: get-intrinsic@1.2.4 want: ^1.0.1
344 silly placeDep ROOT has-symbols@1.0.3 OK for: get-intrinsic@1.2.4 want: ^1.0.3
345 silly placeDep ROOT hasown@2.0.2 OK for: get-intrinsic@1.2.4 want: ^2.0.0
346 silly placeDep ROOT define-data-property@1.1.4 OK for: set-function-length@1.2.2 want: ^1.1.4
347 silly placeDep ROOT gopd@1.1.0 OK for: set-function-length@1.2.2 want: ^1.0.1
348 silly placeDep ROOT has-property-descriptors@1.0.2 OK for: set-function-length@1.2.2 want: ^1.0.2
349 silly placeDep ROOT media-typer@0.3.0 OK for: type-is@1.6.18 want: 0.3.0
350 silly reify moves {}
351 silly audit bulk request {
351 silly audit   express: [ '4.21.1' ],
351 silly audit   accepts: [ '1.3.8' ],
351 silly audit   'array-flatten': [ '1.1.1' ],
351 silly audit   'body-parser': [ '1.20.3' ],
351 silly audit   'content-disposition': [ '0.5.4' ],
351 silly audit   'content-type': [ '1.0.5' ],
351 silly audit   cookie: [ '0.7.1' ],
351 silly audit   'cookie-signature': [ '1.0.6' ],
351 silly audit   debug: [ '2.6.9' ],
351 silly audit   depd: [ '2.0.0' ],
351 silly audit   encodeurl: [ '2.0.0', '1.0.2' ],
351 silly audit   'escape-html': [ '1.0.3' ],
351 silly audit   etag: [ '1.8.1' ],
351 silly audit   finalhandler: [ '1.3.1' ],
351 silly audit   fresh: [ '0.5.2' ],
351 silly audit   'http-errors': [ '2.0.0' ],
351 silly audit   'merge-descriptors': [ '1.0.3' ],
351 silly audit   methods: [ '1.1.2' ],
351 silly audit   'on-finished': [ '2.4.1' ],
351 silly audit   parseurl: [ '1.3.3' ],
351 silly audit   'path-to-regexp': [ '0.1.10' ],
351 silly audit   'proxy-addr': [ '2.0.7' ],
351 silly audit   qs: [ '6.13.0' ],
351 silly audit   'range-parser': [ '1.2.1' ],
351 silly audit   'safe-buffer': [ '5.2.1' ],
351 silly audit   send: [ '0.19.0' ],
351 silly audit   'serve-static': [ '1.16.2' ],
351 silly audit   setprototypeof: [ '1.2.0' ],
351 silly audit   statuses: [ '2.0.1' ],
351 silly audit   'type-is': [ '1.6.18' ],
351 silly audit   'utils-merge': [ '1.0.1' ],
351 silly audit   vary: [ '1.1.2' ],
351 silly audit   'mime-types': [ '2.1.35' ],
351 silly audit   negotiator: [ '0.6.3' ],
351 silly audit   bytes: [ '3.1.2' ],
351 silly audit   destroy: [ '1.2.0' ],
351 silly audit   'iconv-lite': [ '0.4.24' ],
351 silly audit   'raw-body': [ '2.5.2' ],
351 silly audit   unpipe: [ '1.0.0' ],
351 silly audit   ms: [ '2.0.0', '2.1.3' ],
351 silly audit   inherits: [ '2.0.4' ],
351 silly audit   toidentifier: [ '1.0.1' ],
351 silly audit   'safer-buffer': [ '2.1.2' ],
351 silly audit   'mime-db': [ '1.52.0' ],
351 silly audit   'ee-first': [ '1.1.1' ],
351 silly audit   forwarded: [ '0.2.0' ],
351 silly audit   'ipaddr.js': [ '1.9.1' ],
351 silly audit   'side-channel': [ '1.0.6' ],
351 silly audit   mime: [ '1.6.0' ],
351 silly audit   'call-bind': [ '1.0.7' ],
351 silly audit   'es-errors': [ '1.3.0' ],
351 silly audit   'get-intrinsic': [ '1.2.4' ],
351 silly audit   'object-inspect': [ '1.13.3' ],
351 silly audit   'es-define-property': [ '1.0.0' ],
351 silly audit   'function-bind': [ '1.1.2' ],
351 silly audit   'set-function-length': [ '1.2.2' ],
351 silly audit   'has-proto': [ '1.0.3' ],
351 silly audit   'has-symbols': [ '1.0.3' ],
351 silly audit   hasown: [ '2.0.2' ],
351 silly audit   'define-data-property': [ '1.1.4' ],
351 silly audit   gopd: [ '1.1.0' ],
351 silly audit   'has-property-descriptors': [ '1.0.2' ],
351 silly audit   'media-typer': [ '0.3.0' ]
351 silly audit }
352 silly tarball no local data for merge-descriptors@https://registry.npmjs.org/merge-descriptors/-/merge-descriptors-1.0.3.tgz. Extracting by manifest.
353 silly tarball no local data for http-errors@https://registry.npmjs.org/http-errors/-/http-errors-2.0.0.tgz. Extracting by manifest.
354 silly tarball no local data for media-typer@https://registry.npmjs.org/media-typer/-/media-typer-0.3.0.tgz. Extracting by manifest.
355 silly tarball no local data for hasown@https://registry.npmjs.org/hasown/-/hasown-2.0.2.tgz. Extracting by manifest.
356 silly tarball no local data for define-data-property@https://registry.npmjs.org/define-data-property/-/define-data-property-1.1.4.tgz. Extracting by manifest.
357 silly tarball no local data for has-property-descriptors@https://registry.npmjs.org/has-property-descriptors/-/has-property-descriptors-1.0.2.tgz. Extracting by manifest.
358 silly tarball no local data for gopd@https://registry.npmjs.org/gopd/-/gopd-1.1.0.tgz. Extracting by manifest.
359 silly tarball no local data for has-symbols@https://registry.npmjs.org/has-symbols/-/has-symbols-1.0.3.tgz. Extracting by manifest.
360 silly tarball no local data for has-proto@https://registry.npmjs.org/has-proto/-/has-proto-1.0.3.tgz. Extracting by manifest.
361 silly tarball no local data for set-function-length@https://registry.npmjs.org/set-function-length/-/set-function-length-1.2.2.tgz. Extracting by manifest.
362 silly tarball no local data for function-bind@https://registry.npmjs.org/function-bind/-/function-bind-1.1.2.tgz. Extracting by manifest.
363 silly tarball no local data for es-define-property@https://registry.npmjs.org/es-define-property/-/es-define-property-1.0.0.tgz. Extracting by manifest.
364 silly tarball no local data for object-inspect@https://registry.npmjs.org/object-inspect/-/object-inspect-1.13.3.tgz. Extracting by manifest.
365 silly tarball no local data for get-intrinsic@https://registry.npmjs.org/get-intrinsic/-/get-intrinsic-1.2.4.tgz. Extracting by manifest.
366 silly tarball no local data for es-errors@https://registry.npmjs.org/es-errors/-/es-errors-1.3.0.tgz. Extracting by manifest.
367 silly tarball no local data for call-bind@https://registry.npmjs.org/call-bind/-/call-bind-1.0.7.tgz. Extracting by manifest.
368 silly tarball no local data for mime@https://registry.npmjs.org/mime/-/mime-1.6.0.tgz. Extracting by manifest.
369 silly tarball no local data for ipaddr.js@https://registry.npmjs.org/ipaddr.js/-/ipaddr.js-1.9.1.tgz. Extracting by manifest.
370 silly tarball no local data for side-channel@https://registry.npmjs.org/side-channel/-/side-channel-1.0.6.tgz. Extracting by manifest.
371 silly tarball no local data for ee-first@https://registry.npmjs.org/ee-first/-/ee-first-1.1.1.tgz. Extracting by manifest.
372 silly tarball no local data for forwarded@https://registry.npmjs.org/forwarded/-/forwarded-0.2.0.tgz. Extracting by manifest.
373 silly tarball no local data for safer-buffer@https://registry.npmjs.org/safer-buffer/-/safer-buffer-2.1.2.tgz. Extracting by manifest.
374 silly tarball no local data for mime-db@https://registry.npmjs.org/mime-db/-/mime-db-1.52.0.tgz. Extracting by manifest.
375 silly tarball no local data for toidentifier@https://registry.npmjs.org/toidentifier/-/toidentifier-1.0.1.tgz. Extracting by manifest.
376 silly tarball no local data for inherits@https://registry.npmjs.org/inherits/-/inherits-2.0.4.tgz. Extracting by manifest.
377 silly tarball no local data for unpipe@https://registry.npmjs.org/unpipe/-/unpipe-1.0.0.tgz. Extracting by manifest.
378 silly tarball no local data for ms@https://registry.npmjs.org/ms/-/ms-2.0.0.tgz. Extracting by manifest.
379 silly tarball no local data for raw-body@https://registry.npmjs.org/raw-body/-/raw-body-2.5.2.tgz. Extracting by manifest.
380 silly tarball no local data for iconv-lite@https://registry.npmjs.org/iconv-lite/-/iconv-lite-0.4.24.tgz. Extracting by manifest.
381 silly tarball no local data for destroy@https://registry.npmjs.org/destroy/-/destroy-1.2.0.tgz. Extracting by manifest.
382 silly tarball no local data for bytes@https://registry.npmjs.org/bytes/-/bytes-3.1.2.tgz. Extracting by manifest.
383 silly tarball no local data for negotiator@https://registry.npmjs.org/negotiator/-/negotiator-0.6.3.tgz. Extracting by manifest.
384 silly tarball no local data for mime-types@https://registry.npmjs.org/mime-types/-/mime-types-2.1.35.tgz. Extracting by manifest.
385 silly tarball no local data for vary@https://registry.npmjs.org/vary/-/vary-1.1.2.tgz. Extracting by manifest.
386 silly tarball no local data for utils-merge@https://registry.npmjs.org/utils-merge/-/utils-merge-1.0.1.tgz. Extracting by manifest.
387 silly tarball no local data for type-is@https://registry.npmjs.org/type-is/-/type-is-1.6.18.tgz. Extracting by manifest.
388 silly tarball no local data for statuses@https://registry.npmjs.org/statuses/-/statuses-2.0.1.tgz. Extracting by manifest.
389 silly tarball no local data for setprototypeof@https://registry.npmjs.org/setprototypeof/-/setprototypeof-1.2.0.tgz. Extracting by manifest.
390 silly tarball no local data for serve-static@https://registry.npmjs.org/serve-static/-/serve-static-1.16.2.tgz. Extracting by manifest.
391 silly tarball no local data for send@https://registry.npmjs.org/send/-/send-0.19.0.tgz. Extracting by manifest.
392 silly tarball no local data for safe-buffer@https://registry.npmjs.org/safe-buffer/-/safe-buffer-5.2.1.tgz. Extracting by manifest.
393 silly tarball no local data for range-parser@https://registry.npmjs.org/range-parser/-/range-parser-1.2.1.tgz. Extracting by manifest.
394 silly tarball no local data for qs@https://registry.npmjs.org/qs/-/qs-6.13.0.tgz. Extracting by manifest.
395 silly tarball no local data for proxy-addr@https://registry.npmjs.org/proxy-addr/-/proxy-addr-2.0.7.tgz. Extracting by manifest.
396 silly tarball no local data for path-to-regexp@https://registry.npmjs.org/path-to-regexp/-/path-to-regexp-0.1.10.tgz. Extracting by manifest.
397 silly tarball no local data for parseurl@https://registry.npmjs.org/parseurl/-/parseurl-1.3.3.tgz. Extracting by manifest.
398 silly tarball no local data for methods@https://registry.npmjs.org/methods/-/methods-1.1.2.tgz. Extracting by manifest.
399 silly tarball no local data for on-finished@https://registry.npmjs.org/on-finished/-/on-finished-2.4.1.tgz. Extracting by manifest.
400 silly tarball no local data for fresh@https://registry.npmjs.org/fresh/-/fresh-0.5.2.tgz. Extracting by manifest.
401 silly tarball no local data for finalhandler@https://registry.npmjs.org/finalhandler/-/finalhandler-1.3.1.tgz. Extracting by manifest.
402 silly tarball no local data for etag@https://registry.npmjs.org/etag/-/etag-1.8.1.tgz. Extracting by manifest.
403 silly tarball no local data for escape-html@https://registry.npmjs.org/escape-html/-/escape-html-1.0.3.tgz. Extracting by manifest.
404 silly tarball no local data for encodeurl@https://registry.npmjs.org/encodeurl/-/encodeurl-2.0.0.tgz. Extracting by manifest.
405 silly tarball no local data for depd@https://registry.npmjs.org/depd/-/depd-2.0.0.tgz. Extracting by manifest.
406 silly tarball no local data for debug@https://registry.npmjs.org/debug/-/debug-2.6.9.tgz. Extracting by manifest.
407 silly tarball no local data for cookie-signature@https://registry.npmjs.org/cookie-signature/-/cookie-signature-1.0.6.tgz. Extracting by manifest.
408 silly tarball no local data for cookie@https://registry.npmjs.org/cookie/-/cookie-0.7.1.tgz. Extracting by manifest.
409 silly tarball no local data for content-type@https://registry.npmjs.org/content-type/-/content-type-1.0.5.tgz. Extracting by manifest.
410 silly tarball no local data for content-disposition@https://registry.npmjs.org/content-disposition/-/content-disposition-0.5.4.tgz. Extracting by manifest.
411 silly tarball no local data for array-flatten@https://registry.npmjs.org/array-flatten/-/array-flatten-1.1.1.tgz. Extracting by manifest.
412 silly tarball no local data for body-parser@https://registry.npmjs.org/body-parser/-/body-parser-1.20.3.tgz. Extracting by manifest.
413 silly tarball no local data for express@https://registry.npmjs.org/express/-/express-4.21.1.tgz. Extracting by manifest.
414 silly tarball no local data for accepts@https://registry.npmjs.org/accepts/-/accepts-1.3.8.tgz. Extracting by manifest.
415 silly tarball no local data for encodeurl@https://registry.npmjs.org/encodeurl/-/encodeurl-1.0.2.tgz. Extracting by manifest.
416 silly tarball no local data for ms@https://registry.npmjs.org/ms/-/ms-2.1.3.tgz. Extracting by manifest.
417 http fetch POST 200 https://registry.npmjs.org/-/npm/v1/security/advisories/bulk 400ms
418 silly audit report {}
419 http fetch GET 200 https://registry.npmjs.org/es-errors/-/es-errors-1.3.0.tgz 1121ms (cache miss)
420 http fetch GET 200 https://registry.npmjs.org/call-bind/-/call-bind-1.0.7.tgz 1198ms (cache miss)
421 http fetch GET 200 https://registry.npmjs.org/http-errors/-/http-errors-2.0.0.tgz 1222ms (cache miss)
422 http fetch GET 200 https://registry.npmjs.org/merge-descriptors/-/merge-descriptors-1.0.3.tgz 1223ms (cache miss)
423 http fetch GET 200 https://registry.npmjs.org/mime/-/mime-1.6.0.tgz 1207ms (cache miss)
424 http fetch GET 200 https://registry.npmjs.org/media-typer/-/media-typer-0.3.0.tgz 1221ms (cache miss)
425 http fetch GET 200 https://registry.npmjs.org/ee-first/-/ee-first-1.1.1.tgz 1205ms (cache miss)
426 http fetch GET 200 https://registry.npmjs.org/has-property-descriptors/-/has-property-descriptors-1.0.2.tgz 1231ms (cache miss)
427 http fetch GET 200 https://registry.npmjs.org/setprototypeof/-/setprototypeof-1.2.0.tgz 1197ms (cache miss)
428 http fetch GET 200 https://registry.npmjs.org/forwarded/-/forwarded-0.2.0.tgz 1280ms (cache miss)
429 http fetch GET 200 https://registry.npmjs.org/encodeurl/-/encodeurl-2.0.0.tgz 1197ms (cache miss)
430 http fetch GET 200 https://registry.npmjs.org/hasown/-/hasown-2.0.2.tgz 1297ms (cache miss)
431 http fetch GET 200 https://registry.npmjs.org/raw-body/-/raw-body-2.5.2.tgz 1268ms (cache miss)
432 http fetch GET 200 https://registry.npmjs.org/inherits/-/inherits-2.0.4.tgz 1271ms (cache miss)
433 http fetch GET 200 https://registry.npmjs.org/unpipe/-/unpipe-1.0.0.tgz 1271ms (cache miss)
434 http fetch GET 200 https://registry.npmjs.org/destroy/-/destroy-1.2.0.tgz 1267ms (cache miss)
435 http fetch GET 200 https://registry.npmjs.org/toidentifier/-/toidentifier-1.0.1.tgz 1279ms (cache miss)
436 http fetch GET 200 https://registry.npmjs.org/utils-merge/-/utils-merge-1.0.1.tgz 1263ms (cache miss)
437 http fetch GET 200 https://registry.npmjs.org/negotiator/-/negotiator-0.6.3.tgz 1273ms (cache miss)
438 http fetch GET 200 https://registry.npmjs.org/es-define-property/-/es-define-property-1.0.0.tgz 1298ms (cache miss)
439 http fetch GET 200 https://registry.npmjs.org/gopd/-/gopd-1.1.0.tgz 1303ms (cache miss)
440 http fetch GET 200 https://registry.npmjs.org/escape-html/-/escape-html-1.0.3.tgz 1208ms (cache miss)
441 http fetch GET 200 https://registry.npmjs.org/type-is/-/type-is-1.6.18.tgz 1271ms (cache miss)
442 http fetch GET 200 https://registry.npmjs.org/cookie-signature/-/cookie-signature-1.0.6.tgz 1194ms (cache miss)
443 http fetch GET 200 https://registry.npmjs.org/methods/-/methods-1.1.2.tgz 1266ms (cache miss)
444 http fetch GET 200 https://registry.npmjs.org/ms/-/ms-2.0.0.tgz 1284ms (cache miss)
445 http fetch GET 200 https://registry.npmjs.org/bytes/-/bytes-3.1.2.tgz 1282ms (cache miss)
446 http fetch GET 200 https://registry.npmjs.org/vary/-/vary-1.1.2.tgz 1279ms (cache miss)
447 http fetch GET 200 https://registry.npmjs.org/statuses/-/statuses-2.0.1.tgz 1277ms (cache miss)
448 http fetch GET 200 https://registry.npmjs.org/depd/-/depd-2.0.0.tgz 1199ms (cache miss)
449 http fetch GET 200 https://registry.npmjs.org/range-parser/-/range-parser-1.2.1.tgz 1271ms (cache miss)
450 http fetch GET 200 https://registry.npmjs.org/has-proto/-/has-proto-1.0.3.tgz 1309ms (cache miss)
451 http fetch GET 200 https://registry.npmjs.org/fresh/-/fresh-0.5.2.tgz 1263ms (cache miss)
452 http fetch GET 200 https://registry.npmjs.org/cookie/-/cookie-0.7.1.tgz 1198ms (cache miss)
453 http fetch GET 200 https://registry.npmjs.org/on-finished/-/on-finished-2.4.1.tgz 1269ms (cache miss)
454 http fetch GET 200 https://registry.npmjs.org/mime-types/-/mime-types-2.1.35.tgz 1285ms (cache miss)
455 http fetch GET 200 https://registry.npmjs.org/array-flatten/-/array-flatten-1.1.1.tgz 1199ms (cache miss)
456 http fetch GET 200 https://registry.npmjs.org/path-to-regexp/-/path-to-regexp-0.1.10.tgz 1274ms (cache miss)
457 http fetch GET 200 https://registry.npmjs.org/proxy-addr/-/proxy-addr-2.0.7.tgz 1276ms (cache miss)
458 http fetch GET 200 https://registry.npmjs.org/encodeurl/-/encodeurl-1.0.2.tgz 1199ms (cache miss)
459 http fetch GET 200 https://registry.npmjs.org/ms/-/ms-2.1.3.tgz 1198ms (cache miss)
460 http fetch GET 200 https://registry.npmjs.org/parseurl/-/parseurl-1.3.3.tgz 1276ms (cache miss)
461 http fetch GET 200 https://registry.npmjs.org/finalhandler/-/finalhandler-1.3.1.tgz 1229ms (cache miss)
462 http fetch GET 200 https://registry.npmjs.org/etag/-/etag-1.8.1.tgz 1227ms (cache miss)
463 http fetch GET 200 https://registry.npmjs.org/set-function-length/-/set-function-length-1.2.2.tgz 1316ms (cache miss)
464 http fetch GET 200 https://registry.npmjs.org/content-disposition/-/content-disposition-0.5.4.tgz 1206ms (cache miss)
465 http fetch GET 200 https://registry.npmjs.org/content-type/-/content-type-1.0.5.tgz 1207ms (cache miss)
466 http fetch GET 200 https://registry.npmjs.org/accepts/-/accepts-1.3.8.tgz 1204ms (cache miss)
467 http fetch GET 200 https://registry.npmjs.org/ipaddr.js/-/ipaddr.js-1.9.1.tgz 1315ms (cache miss)
468 http fetch GET 200 https://registry.npmjs.org/serve-static/-/serve-static-1.16.2.tgz 1290ms (cache miss)
469 http fetch GET 200 https://registry.npmjs.org/safe-buffer/-/safe-buffer-5.2.1.tgz 1288ms (cache miss)
470 http fetch GET 200 https://registry.npmjs.org/debug/-/debug-2.6.9.tgz 1215ms (cache miss)
471 http fetch GET 200 https://registry.npmjs.org/safer-buffer/-/safer-buffer-2.1.2.tgz 1314ms (cache miss)
472 http fetch GET 200 https://registry.npmjs.org/has-symbols/-/has-symbols-1.0.3.tgz 1328ms (cache miss)
473 http fetch GET 200 https://registry.npmjs.org/side-channel/-/side-channel-1.0.6.tgz 1318ms (cache miss)
474 http fetch GET 200 https://registry.npmjs.org/define-data-property/-/define-data-property-1.1.4.tgz 1332ms (cache miss)
475 http fetch GET 200 https://registry.npmjs.org/get-intrinsic/-/get-intrinsic-1.2.4.tgz 1331ms (cache miss)
476 http fetch GET 200 https://registry.npmjs.org/send/-/send-0.19.0.tgz 1302ms (cache miss)
477 http fetch GET 200 https://registry.npmjs.org/function-bind/-/function-bind-1.1.2.tgz 1386ms (cache miss)
478 http fetch GET 200 https://registry.npmjs.org/mime-db/-/mime-db-1.52.0.tgz 1391ms (cache miss)
479 http fetch GET 200 https://registry.npmjs.org/body-parser/-/body-parser-1.20.3.tgz 1294ms (cache miss)
480 http fetch GET 200 https://registry.npmjs.org/object-inspect/-/object-inspect-1.13.3.tgz 1426ms (cache miss)
481 http fetch GET 200 https://registry.npmjs.org/express/-/express-4.21.1.tgz 1315ms (cache miss)
482 http fetch GET 200 https://registry.npmjs.org/qs/-/qs-6.13.0.tgz 1394ms (cache miss)
483 http fetch GET 200 https://registry.npmjs.org/iconv-lite/-/iconv-lite-0.4.24.tgz 1506ms (cache miss)
484 silly ADD node_modules/media-typer
485 silly ADD node_modules/has-property-descriptors
486 silly ADD node_modules/gopd
487 silly ADD node_modules/define-data-property
488 silly ADD node_modules/hasown
489 silly ADD node_modules/has-symbols
490 silly ADD node_modules/has-proto
491 silly ADD node_modules/set-function-length
492 silly ADD node_modules/function-bind
493 silly ADD node_modules/es-define-property
494 silly ADD node_modules/object-inspect
495 silly ADD node_modules/get-intrinsic
496 silly ADD node_modules/es-errors
497 silly ADD node_modules/call-bind
498 silly ADD node_modules/mime
499 silly ADD node_modules/side-channel
500 silly ADD node_modules/ipaddr.js
501 silly ADD node_modules/forwarded
502 silly ADD node_modules/ee-first
503 silly ADD node_modules/mime-db
504 silly ADD node_modules/safer-buffer
505 silly ADD node_modules/toidentifier
506 silly ADD node_modules/inherits
507 silly ADD node_modules/ms
508 silly ADD node_modules/unpipe
509 silly ADD node_modules/raw-body
510 silly ADD node_modules/iconv-lite
511 silly ADD node_modules/destroy
512 silly ADD node_modules/bytes
513 silly ADD node_modules/negotiator
514 silly ADD node_modules/mime-types
515 silly ADD node_modules/vary
516 silly ADD node_modules/utils-merge
517 silly ADD node_modules/type-is
518 silly ADD node_modules/statuses
519 silly ADD node_modules/setprototypeof
520 silly ADD node_modules/serve-static
521 silly ADD node_modules/send
522 silly ADD node_modules/send/node_modules/ms
523 silly ADD node_modules/send/node_modules/encodeurl
524 silly ADD node_modules/safe-buffer
525 silly ADD node_modules/range-parser
526 silly ADD node_modules/qs
527 silly ADD node_modules/proxy-addr
528 silly ADD node_modules/path-to-regexp
529 silly ADD node_modules/parseurl
530 silly ADD node_modules/on-finished
531 silly ADD node_modules/methods
532 silly ADD node_modules/merge-descriptors
533 silly ADD node_modules/http-errors
534 silly ADD node_modules/fresh
535 silly ADD node_modules/finalhandler
536 silly ADD node_modules/etag
537 silly ADD node_modules/escape-html
538 silly ADD node_modules/encodeurl
539 silly ADD node_modules/depd
540 silly ADD node_modules/debug
541 silly ADD node_modules/cookie-signature
542 silly ADD node_modules/cookie
543 silly ADD node_modules/content-type
544 silly ADD node_modules/content-disposition
545 silly ADD node_modules/body-parser
546 silly ADD node_modules/array-flatten
547 silly ADD node_modules/accepts
548 silly ADD node_modules/express
549 verbose cwd /home/cloudshell-user
550 verbose os Linux 6.1.112-124.190.amzn2023.x86_64
551 verbose node v20.18.0
552 verbose npm  v10.8.2
553 verbose exit 0
554 info ok
